[23:33:15] [ServerMain/INFO]: Building unoptimized datafixer
[23:33:16] [ServerMain/INFO]: Environment: authHost='https://authserver.mojang.com', accountsHost='https://api.mojang.com', sessionHost='https://sessionserver.mojang.com', servicesHost='https://api.minecraftservices.com', name='PROD'
[23:33:17] [ServerMain/WARN]: Missing data pack Fabric Mods
[23:33:18] [ServerMain/INFO]: Loaded 7 recipes
[23:33:18] [ServerMain/INFO]: Loaded 1179 advancements
[23:33:19] [Server thread/INFO]: Starting minecraft server version 1.19.2
[23:33:19] [Server thread/INFO]: Loading properties
[23:33:19] [Server thread/INFO]: Default game type: SURVIVAL
[23:33:19] [Server thread/INFO]: Generating keypair
[23:33:19] [Server thread/INFO]: Starting Minecraft server on *:25565
[23:33:19] [Server thread/INFO]: Using epoll channel type
[23:33:19] [Server thread/WARN]: **** SERVER IS RUNNING IN OFFLINE/INSECURE MODE!
[23:33:19] [Server thread/WARN]: The server will make no attempt to authenticate usernames. Beware.
[23:33:19] [Server thread/WARN]: While this makes the game possible to play without internet access, it also opens up the ability for hackers to connect with any username they choose.
[23:33:19] [Server thread/WARN]: To change this, set "online-mode" to "true" in the server.properties file.
[23:33:19] [Server thread/INFO]: Preparing level "world"
[23:33:20] [Server thread/INFO]: Preparing start region for dimension minecraft:overworld
[23:33:24] [Worker-Main-3/INFO]: Preparing spawn area: 0%
[23:33:24] [Worker-Main-2/INFO]: Preparing spawn area: 0%
[23:33:24] [Worker-Main-2/INFO]: Preparing spawn area: 0%
[23:33:24] [Worker-Main-2/INFO]: Preparing spawn area: 0%
[23:33:24] [Worker-Main-2/INFO]: Preparing spawn area: 0%
[23:33:24] [Worker-Main-2/INFO]: Preparing spawn area: 0%
[23:33:24] [Worker-Main-1/INFO]: Preparing spawn area: 0%
[23:33:24] [Worker-Main-1/INFO]: Preparing spawn area: 0%
[23:33:24] [Worker-Main-1/INFO]: Preparing spawn area: 0%
[23:33:24] [Worker-Main-1/INFO]: Preparing spawn area: 0%
[23:33:25] [Worker-Main-3/INFO]: Preparing spawn area: 0%
[23:33:25] [Worker-Main-2/INFO]: Preparing spawn area: 24%
[23:33:26] [Server thread/INFO]: Time elapsed: 6015 ms
[23:33:26] [Server thread/INFO]: Done (6.140s)! For help, type "help"
[23:33:34] [Server thread/INFO]: offgamer233[/127.230.53.48:49369] logged in with entity id 59 at (69.5, -12.0, 103.5)
[23:33:34] [Server thread/INFO]: offgamer233 joined the game
[23:33:37] [Server thread/INFO]: offgamer233 lost connection: Disconnected
[23:33:37] [Server thread/INFO]: offgamer233 left the game
[23:33:39] [Server thread/INFO]: offgamer233[/127.230.53.48:42907] logged in with entity id 61 at (69.5, -12.0, 103.5)
[23:33:39] [Server thread/INFO]: offgamer233 joined the game
[23:33:45] [Server thread/INFO]: [Not Secure] <offgamer233> asda
[23:34:13] [Server thread/INFO]: [Not Secure] <offgamer233> a
[23:35:21] [Server thread/INFO]: Made offgamer233 a server operator
[23:35:25] [Server thread/INFO]: [offgamer233: Set own game mode to Spectator Mode]
[23:35:50] [Server thread/INFO]: [offgamer233: Applied effect Night Vision to offgamer233]
[23:36:02] [Server thread/INFO]: [offgamer233: Applied effect Night Vision to offgamer233]
[23:36:08] [Server thread/INFO]: [offgamer233: Set own game mode to Survival Mode]
[23:36:13] [Server thread/INFO]: [offgamer233: Set own game mode to Spectator Mode]
[23:36:14] [Server thread/INFO]: [offgamer233: Set own game mode to Creative Mode]
[23:36:49] [Server thread/INFO]: [offgamer233: Set own game mode to Spectator Mode]
[23:36:51] [Server thread/INFO]: [offgamer233: Set own game mode to Creative Mode]
[23:37:00] [Server thread/INFO]: [offgamer233: Teleported offgamer233 to -11.500000, -12.000000, 6.500000]
[23:38:30] [Server thread/INFO]: [offgamer233: Reloading!]
[23:38:30] [Server thread/INFO]: Loaded 7 recipes
[23:38:30] [Server thread/INFO]: Loaded 1179 advancements
[23:38:43] [Server thread/INFO]: [Not Secure] <offgamer233> sada
[23:52:29] [Server thread/INFO]: [Not Secure] <offgamer233> stop
[23:52:32] [Server thread/INFO]: [offgamer233: Stopping the server]
[23:52:32] [Server thread/INFO]: Stopping server
[23:52:32] [Server thread/INFO]: Saving players
[23:52:32] [Server thread/INFO]: Saving worlds
[23:52:32] [Server thread/INFO]: Saving chunks for level 'ServerLevel[Basketball!]'/minecraft:overworld
[23:52:32] [Server thread/INFO]: Saving chunks for level 'ServerLevel[Basketball!]'/minecraft:the_end
[23:52:32] [Server thread/INFO]: Saving chunks for level 'ServerLevel[Basketball!]'/minecraft:the_nether
[23:52:32] [Server thread/INFO]: ThreadedAnvilChunkStorage (world): All chunks are saved
[23:52:32] [Server thread/INFO]: ThreadedAnvilChunkStorage (DIM1): All chunks are saved
[23:52:32] [Server thread/INFO]: ThreadedAnvilChunkStorage (DIM-1): All chunks are saved
[23:52:32] [Server thread/INFO]: ThreadedAnvilChunkStorage: All dimensions are saved
